"D:/UnrealLee/UE4ProceduralMesh/ProceduralMesh.uproject" 1
"../../../Engine/Plugins/2D/Paper2D/Paper2D.uplugin" 2
"../../../Engine/Plugins/Developer/BlankPlugin/BlankPlugin.uplugin" 3
"../../../Engine/Plugins/Developer/GitSourceControl/GitSourceControl.uplugin" 4
"../../../Engine/Plugins/Developer/KDevelopSourceCodeAccess/KDevelopSourceCodeAccess.uplugin" 5
"../../../Engine/Plugins/Developer/PerforceSourceControl/PerforceSourceControl.uplugin" 6
"../../../Engine/Plugins/Developer/SubversionSourceControl/SubversionSourceControl.uplugin" 7
"../../../Engine/Plugins/Developer/UObjectPlugin/UObjectPlugin.uplugin" 8
"../../../Engine/Plugins/Developer/VisualStudioSourceCodeAccess/VisualStudioSourceCodeAccess.uplugin" 9
"../../../Engine/Plugins/Developer/XCodeSourceCodeAccess/XCodeSourceCodeAccess.uplugin" 10
"../../../Engine/Plugins/Editor/EpicSurvey/EpicSurvey.uplugin" 11
"../../../Engine/Plugins/Editor/MacGraphicsSwitching/MacGraphicsSwitching.uplugin" 12
"../../../Engine/Plugins/Editor/PluginsEditor/PluginsEditor.uplugin" 13
"../../../Engine/Plugins/Editor/SpeedTreeImporter/SpeedTreeImporter.uplugin" 14
"../../../Engine/Plugins/Experimental/BlueprintStats/BlueprintStats.uplugin" 15
"../../../Engine/Plugins/Experimental/CharacterAI/CharacterAI.uplugin" 16
"../../../Engine/Plugins/Experimental/CodeView/CodeView.uplugin" 17
"../../../Engine/Plugins/Experimental/LiveEditor/LiveEditor.uplugin" 18
"../../../Engine/Plugins/Experimental/Phya/Phya.uplugin" 19
"../../../Engine/Plugins/Experimental/SimpleHMD/SimpleHMD.uplugin" 20
"../../../Engine/Plugins/Experimental/SteamVR/SteamVR.uplugin" 21
"../../../Engine/Plugins/Media/AndroidMedia/AndroidMedia.uplugin" 22
"../../../Engine/Plugins/Media/AvfMedia/AvfMedia.uplugin" 23
"../../../Engine/Plugins/Media/MediaPlayerEditor/MediaPlayerEditor.uplugin" 24
"../../../Engine/Plugins/Media/WmfMedia/WmfMedia.uplugin" 25
"../../../Engine/Plugins/Messaging/MessagingDebugger/MessagingDebugger.uplugin" 26
"../../../Engine/Plugins/Messaging/ShmMessaging/ShmMessaging.uplugin" 27
"../../../Engine/Plugins/Messaging/UdpMessaging/UdpMessaging.uplugin" 28
"../../../Engine/Plugins/Runtime/Advertising/IOSTapJoy/IOSTapJoy.uplugin" 29
"../../../Engine/Plugins/Runtime/Analytics/AnalyticsBlueprintLibrary/AnalyticsBlueprintLibrary.uplugin" 30
"../../../Engine/Plugins/Runtime/Analytics/Apsalar/IOSApsalar/IOSApsalar.uplugin" 31
"../../../Engine/Plugins/Runtime/Analytics/FileLogging/FileLogging.uplugin" 32
"../../../Engine/Plugins/Runtime/AndroidDeviceProfileSelector/AndroidDeviceProfileSelector.uplugin" 33
"../../../Engine/Plugins/Runtime/AndroidMoviePlayer/AndroidMoviePlayer.uplugin" 34
"../../../Engine/Plugins/Runtime/AppleMoviePlayer/AppleMoviePlayer.uplugin" 35
"../../../Engine/Plugins/Runtime/CableComponent/CableComponent.uplugin" 36
"../../../Engine/Plugins/Runtime/CustomMeshComponent/CustomMeshComponent.uplugin" 37
"../../../Engine/Plugins/Runtime/ExampleDeviceProfileSelector/ExampleDeviceProfileSelector.uplugin" 38
"../../../Engine/Plugins/Runtime/GearVR/GearVR.uplugin" 39
"../../../Engine/Plugins/Runtime/IOSDeviceProfileSelector/IOSDeviceProfileSelector.uplugin" 40
"../../../Engine/Plugins/Runtime/LiveEditorListenServer/LiveEditorListenServer.uplugin" 41
"../../../Engine/Plugins/Runtime/OculusRift/OculusRift.uplugin" 42
"../../../Engine/Plugins/Runtime/SoundMod/SoundMod.uplugin" 43
"../../../Engine/Plugins/Runtime/SoundVisualizations/SoundVisualizations.uplugin" 44
"../../../Engine/Plugins/Runtime/TwitchLiveStreaming/TwitchLiveStreaming.uplugin" 45
"../../../Engine/Plugins/Runtime/WindowsDeviceProfileSelector/WindowsDeviceProfileSelector.uplugin" 46
"../../../Engine/Plugins/Runtime/WindowsMoviePlayer/WindowsMoviePlayer.uplugin" 47
"../../../Engine/Plugins/ScriptGeneratorPlugin/ScriptGeneratorPlugin.uplugin" 48
"../../../Engine/Plugins/ScriptPlugin/ScriptPlugin.uplugin" 49
"../../../Engine/Plugins/Slate/SlateRemote/SlateRemote.uplugin" 50
"..\..\..\Engine\Content\Internationalization\icudt53l\cnvalias.icu" 51
"..\..\..\Engine\Content\Internationalization\icudt53l\en_US_POSIX.res" 52
"..\..\..\Engine\Content\Internationalization\icudt53l\pool.res" 53
"..\..\..\Engine\Content\Internationalization\icudt53l\en_US.res" 54
"..\..\..\Engine\Content\Internationalization\icudt53l\en.res" 55
"..\..\..\Engine\Content\Internationalization\icudt53l\root.res" 56
"..\..\..\Engine\Content\Internationalization\icudt53l\coll\ucadata.icu" 57
"..\..\..\Engine\Content\Internationalization\icudt53l\nfc.nrm" 58
"..\..\..\Engine\Content\Internationalization\icudt53l\coll\en_US_POSIX.res" 59
"..\..\..\Engine\Content\Internationalization\icudt53l\coll\en_US.res" 60
"..\..\..\Engine\Content\Internationalization\icudt53l\coll\en.res" 61
"..\..\..\Engine\Content\Internationalization\icudt53l\coll\root.res" 62
"..\..\..\Engine\Content\Internationalization\icudt53l\numberingSystems.res" 63
"..\..\..\Engine\Content\Internationalization\icudt53l\curr\supplementalData.res" 64
"..\..\..\Engine\Content\Internationalization\icudt53l\curr\pool.res" 65
"..\..\..\Engine\Content\Internationalization\icudt53l\curr\en.res" 66
"..\..\..\Engine\Content\Internationalization\icudt53l\curr\root.res" 67
"..\..\..\Engine\Content\Internationalization\icudt53l\sv_SE.res" 68
"..\..\..\Engine\Content\Internationalization\icudt53l\sv.res" 69
"..\..\..\Engine\Content\Internationalization\icudt53l\plurals.res" 70
"..\..\..\Engine\Content\Internationalization\icudt53l\windowsZones.res" 71
"..\..\..\Engine\Content\Internationalization\icudt53l\zoneinfo64.res" 72
"..\..\..\Engine\Content\Internationalization\icudt53l\keyTypeData.res" 73
"..\..\..\Engine\Content\Internationalization\icudt53l\timezoneTypes.res" 74
"..\..\..\Engine\Content\Internationalization\icudt53l\supplementalData.res" 75
"..\..\..\Engine\Content\Internationalization\icudt53l\likelySubtags.res" 76
"..\..\..\Engine\Content\Internationalization\icudt53l\coll\sv.res" 77
"..\..\..\Engine\Content\Internationalization\icudt53l\curr\sv.res" 78
"../../../Engine/Config/Base.ini" 79
"../../../Engine/Config/BaseEngine.ini" 80
"../../../../../UE4ProceduralMesh/Config/DefaultEngine.ini" 81
"../../../Engine/Config/Windows/WindowsEngine.ini" 82
"D:/UnrealLee/UE4ProceduralMesh/Saved/Config/Windows/Engine.ini" 83
"../../../../../UE4ProceduralMesh/Intermediate/Config/CoalescedSourceConfigs/Engine.ini" 84
"../../../Engine/Config/BaseGame.ini" 85
"../../../../../UE4ProceduralMesh/Config/DefaultGame.ini" 86
"D:/UnrealLee/UE4ProceduralMesh/Saved/Config/Windows/Game.ini" 87
"../../../../../UE4ProceduralMesh/Intermediate/Config/CoalescedSourceConfigs/Game.ini" 88
"../../../Engine/Config/BaseInput.ini" 89
"D:/UnrealLee/UE4ProceduralMesh/Saved/Config/Windows/Input.ini" 90
"../../../../../UE4ProceduralMesh/Intermediate/Config/CoalescedSourceConfigs/Input.ini" 91
"../../../Engine/Config/BaseEditor.ini" 92
"../../../../../UE4ProceduralMesh/Config/DefaultEditor.ini" 93
"D:/UnrealLee/UE4ProceduralMesh/Saved/Config/Windows/Editor.ini" 94
"../../../../../UE4ProceduralMesh/Intermediate/Config/CoalescedSourceConfigs/Editor.ini" 95
"../../../Engine/Config/BaseEditorLayout.ini" 96
"D:/UnrealLee/UE4ProceduralMesh/Saved/Config/Windows/EditorLayout.ini" 97
"../../../../../UE4ProceduralMesh/Intermediate/Config/CoalescedSourceConfigs/EditorLayout.ini" 98
"../../../Engine/Config/BaseEditorUserSettings.ini" 99
"D:/UnrealLee/UE4ProceduralMesh/Saved/Config/Windows/EditorUserSettings.ini" 100
"../../../../../UE4ProceduralMesh/Intermediate/Config/CoalescedSourceConfigs/EditorUserSettings.ini" 101
"../../../Engine/Config/BaseEditorKeyBindings.ini" 102
"D:/UnrealLee/UE4ProceduralMesh/Saved/Config/Windows/EditorKeyBindings.ini" 103
"../../../../../UE4ProceduralMesh/Intermediate/Config/CoalescedSourceConfigs/EditorKeyBindings.ini" 104
"../../../Engine/Config/BaseCompat.ini" 105
"D:/UnrealLee/UE4ProceduralMesh/Saved/Config/Windows/Compat.ini" 106
"../../../../../UE4ProceduralMesh/Intermediate/Config/CoalescedSourceConfigs/Compat.ini" 107
"../../../Engine/Config/BaseLightmass.ini" 108
"D:/UnrealLee/UE4ProceduralMesh/Saved/Config/Windows/Lightmass.ini" 109
"../../../../../UE4ProceduralMesh/Intermediate/Config/CoalescedSourceConfigs/Lightmass.ini" 110
"../../../Engine/Config/BaseScalability.ini" 111
"D:/UnrealLee/UE4ProceduralMesh/Saved/Config/Windows/Scalability.ini" 112
"../../../../../UE4ProceduralMesh/Intermediate/Config/CoalescedSourceConfigs/Scalability.ini" 113
"D:/UnrealLee/UE4ProceduralMesh/Saved/Config/Windows/GameUserSettings.ini" 114
"../../../../../UE4ProceduralMesh/Intermediate/Config/CoalescedSourceConfigs/GameUserSettings.ini" 115
"../../../Engine/Config/BaseDeviceProfiles.ini" 116
"D:/UnrealLee/UE4ProceduralMesh/Saved/Config/Windows/DeviceProfiles.ini" 117
"../../../../../UE4ProceduralMesh/Intermediate/Config/CoalescedSourceConfigs/DeviceProfiles.ini" 118
"../../../Engine/Config/ConsoleVariables.ini" 119
"..\..\..\Engine\Content\Internationalization\icudt53l\es.res" 120
"..\..\..\Engine\Content\Internationalization\icudt53l\coll\es.res" 121
"..\..\..\Engine\Content\Internationalization\icudt53l\curr\es.res" 122
"..\..\..\Engine\Content\Internationalization\icudt53l\es_ES.res" 123
"..\..\..\Engine\Content\Internationalization\icudt53l\ja.res" 124
"..\..\..\Engine\Content\Internationalization\icudt53l\coll\ja.res" 125
"..\..\..\Engine\Content\Internationalization\icudt53l\curr\ja.res" 126
"..\..\..\Engine\Content\Internationalization\icudt53l\ja_JP.res" 127
"..\..\..\Engine\Content\Internationalization\icudt53l\ko.res" 128
"..\..\..\Engine\Content\Internationalization\icudt53l\coll\ko.res" 129
"..\..\..\Engine\Content\Internationalization\icudt53l\curr\ko.res" 130
"..\..\..\Engine\Content\Internationalization\icudt53l\ko_KR.res" 131
"..\..\..\Engine\Content\Internationalization\icudt53l\pt_BR.res" 132
"..\..\..\Engine\Content\Internationalization\icudt53l\pt.res" 133
"..\..\..\Engine\Content\Internationalization\icudt53l\coll\pt.res" 134
"..\..\..\Engine\Content\Internationalization\icudt53l\curr\pt.res" 135
"..\..\..\Engine\Content\Internationalization\icudt53l\zh_CN.res" 136
"..\..\..\Engine\Content\Internationalization\icudt53l\zh_Hans_CN.res" 137
"..\..\..\Engine\Content\Internationalization\icudt53l\zh_Hans.res" 138
"..\..\..\Engine\Content\Internationalization\icudt53l\zh.res" 139
"..\..\..\Engine\Content\Internationalization\icudt53l\coll\zh_CN.res" 140
"..\..\..\Engine\Content\Internationalization\icudt53l\coll\zh_Hans_CN.res" 141
"..\..\..\Engine\Content\Internationalization\icudt53l\coll\zh_Hans.res" 142
"..\..\..\Engine\Content\Internationalization\icudt53l\coll\zh.res" 143
"..\..\..\Engine\Content\Internationalization\icudt53l\curr\zh_CN.res" 144
"..\..\..\Engine\Content\Internationalization\icudt53l\curr\zh_Hans_CN.res" 145
"..\..\..\Engine\Content\Internationalization\icudt53l\curr\zh_Hans.res" 146
"..\..\..\Engine\Content\Internationalization\icudt53l\curr\zh.res" 147
"D:/UnrealLee/Epic Games/4.7/Engine/Content/Localization/Engine/en/Engine.locres" 148
"D:/UnrealLee/Epic Games/4.7/Engine/Content/Localization/Editor/en/Editor.locres" 149
"D:/UnrealLee/Epic Games/4.7/Engine/Content/Localization/EditorTutorials/en/EditorTutorials.locres" 150
"../../../Engine/Content/Slate/Fonts/Roboto-Regular.ttf" 151
"../../../Engine/Content/Slate/Fonts/DroidSansMono.ttf" 152
"../../../Engine/Content/Slate/Fonts/Roboto-Bold.ttf" 153
"../../../Engine/Content/Slate/Fonts/Roboto-Light.ttf" 154
"D:/UnrealLee/Epic Games/4.7/Engine/Binaries/Win64/../../../Engine/Shaders/ParticleSpriteVertexFactory.usf" 155
"D:/UnrealLee/Epic Games/4.7/Engine/Binaries/Win64/../../../Engine/Shaders/VertexFactoryCommon.usf" 156
"D:/UnrealLee/Epic Games/4.7/Engine/Binaries/Win64/../../../Engine/Shaders/Common.usf" 157
"D:/UnrealLee/Epic Games/4.7/Engine/Binaries/Win64/../../../Engine/Shaders/MetalCommon.usf" 158
"D:/UnrealLee/Epic Games/4.7/Engine/Binaries/Win64/../../../Engine/Shaders/ShaderVersion.usf" 159
"D:/UnrealLee/Epic Games/4.7/Engine/Binaries/Win64/../../../Engine/Shaders/Definitions.usf" 160
"D:/UnrealLee/Epic Games/4.7/Engine/Binaries/Win64/../../../Engine/Shaders/Random.usf" 161
"D:/UnrealLee/Epic Games/4.7/Engine/Binaries/Win64/../../../Engine/Shaders/ParticleVertexFactoryCommon.usf" 162
"D:/UnrealLee/Epic Games/4.7/Engine/Binaries/Win64/../../../Engine/Shaders/ParticleGPUSpriteVertexFactory.usf" 163
"D:/UnrealLee/Epic Games/4.7/Engine/Binaries/Win64/../../../Engine/Shaders/ParticleBeamTrailVertexFactory.usf" 164
"D:/UnrealLee/Epic Games/4.7/Engine/Binaries/Win64/../../../Engine/Shaders/VectorFieldVisualizationVertexFactory.usf" 165
"D:/UnrealLee/Epic Games/4.7/Engine/Binaries/Win64/../../../Engine/Shaders/LocalVertexFactory.usf" 166
"D:/UnrealLee/Epic Games/4.7/Engine/Binaries/Win64/../../../Engine/Shaders/LocalVertexFactoryCommon.usf" 167
"D:/UnrealLee/Epic Games/4.7/Engine/Binaries/Win64/../../../Engine/Shaders/MeshParticleVertexFactory.usf" 168
"D:/UnrealLee/Epic Games/4.7/Engine/Binaries/Win64/../../../Engine/Shaders/GpuSkinVertexFactory.usf" 169
"D:/UnrealLee/Epic Games/4.7/Engine/Binaries/Win64/../../../Engine/Shaders/GpuSkinCacheCommon.usf" 170
"D:/UnrealLee/Epic Games/4.7/Engine/Binaries/Win64/../../../Engine/Shaders/LandscapeVertexFactory.usf" 171
"D:/UnrealLee/Epic Games/4.7/Engine/Binaries/Win64/../../../Engine/Shaders/SlateElementPixelShader.usf" 172
"D:/UnrealLee/Epic Games/4.7/Engine/Binaries/Win64/../../../Engine/Shaders/MaterialTemplate.usf" 173
"D:/UnrealLee/Epic Games/4.7/Engine/Binaries/Win64/../../../Engine/Shaders/DepthOfFieldCommon.usf" 174
"D:/UnrealLee/Epic Games/4.7/Engine/Binaries/Win64/../../../Engine/Shaders/SpeedTreeCommon.usf" 175
"D:/UnrealLee/Epic Games/4.7/Engine/Binaries/Win64/../../../Engine/Shaders/AtmosphereCommon.usf" 176
"D:/UnrealLee/Epic Games/4.7/Engine/Binaries/Win64/../../../Engine/Shaders/PostProcessCommon.usf" 177
"D:/UnrealLee/Epic Games/4.7/Engine/Binaries/Win64/../../../Engine/Shaders/DeferredShadingCommon.usf" 178
"D:/UnrealLee/Epic Games/4.7/Engine/Binaries/Win64/../../../Engine/Shaders/LightAccumulator.usf" 179
"D:/UnrealLee/Epic Games/4.7/Engine/Binaries/Win64/../../../Engine/Shaders/SlateVertexShader.usf" 180
"D:/UnrealLee/Epic Games/4.7/Engine/Binaries/Win64/../../../Engine/Shaders/OneColorShader.usf" 181
"D:/UnrealLee/Epic Games/4.7/Engine/Binaries/Win64/../../../Engine/Shaders/ResolveVertexShader.usf" 182
"D:/UnrealLee/Epic Games/4.7/Engine/Binaries/Win64/../../../Engine/Shaders/ResolvePixelShader.usf" 183
"D:/UnrealLee/Epic Games/4.7/Engine/Binaries/Win64/../../../Engine/Shaders/VisualizeTexture.usf" 184
"D:/UnrealLee/Epic Games/4.7/Engine/Binaries/Win64/../../../Engine/Shaders/ScreenSpaceReflections.usf" 185
"D:/UnrealLee/Epic Games/4.7/Engine/Binaries/Win64/../../../Engine/Shaders/BRDF.usf" 186
"D:/UnrealLee/Epic Games/4.7/Engine/Binaries/Win64/../../../Engine/Shaders/MonteCarlo.usf" 187
"D:/UnrealLee/Epic Games/4.7/Engine/Binaries/Win64/../../../Engine/Shaders/FilterVertexShader.usf" 188
"D:/UnrealLee/Epic Games/4.7/Engine/Binaries/Win64/../../../Engine/Shaders/FilterPixelShader.usf" 189
"D:/UnrealLee/Epic Games/4.7/Engine/Binaries/Win64/../../../Engine/Shaders/PostProcessVisualizeHDR.usf" 190
"D:/UnrealLee/Epic Games/4.7/Engine/Binaries/Win64/../../../Engine/Shaders/PostProcessHistogramCommon.usf" 191
"D:/UnrealLee/Epic Games/4.7/Engine/Binaries/Win64/../../../Engine/Shaders/TonemapCommon.usf" 192
"D:/UnrealLee/Epic Games/4.7/Engine/Binaries/Win64/../../../Engine/Shaders/MiniFontCommon.usf" 193
"D:/UnrealLee/Epic Games/4.7/Engine/Binaries/Win64/../../../Engine/Shaders/PostProcessVisualizeBuffer.usf" 194
"D:/UnrealLee/Epic Games/4.7/Engine/Binaries/Win64/../../../Engine/Shaders/PostProcessUpscale.usf" 195
"D:/UnrealLee/Epic Games/4.7/Engine/Binaries/Win64/../../../Engine/Shaders/PostProcessTonemap.usf" 196
"D:/UnrealLee/Epic Games/4.7/Engine/Binaries/Win64/../../../Engine/Shaders/PostProcessTestImage.usf" 197
"D:/UnrealLee/Epic Games/4.7/Engine/Binaries/Win64/../../../Engine/Shaders/PostProcessTemporalAA.usf" 198
"D:/UnrealLee/Epic Games/4.7/Engine/Binaries/Win64/../../../Engine/Shaders/PostProcessTemporalCommon.usf" 199
"D:/UnrealLee/Epic Games/4.7/Engine/Binaries/Win64/../../../Engine/Shaders/PostProcessSubsurface.usf" 200
"D:/UnrealLee/Epic Games/4.7/Engine/Binaries/Win64/../../../Engine/Shaders/SeparableSSS.usf" 201
"D:/UnrealLee/Epic Games/4.7/Engine/Binaries/Win64/../../../Engine/Shaders/PostProcessSelectionOutline.usf" 202
"D:/UnrealLee/Epic Games/4.7/Engine/Binaries/Win64/../../../Engine/Shaders/PostProcessSceneColorFringe.usf" 203
"D:/UnrealLee/Epic Games/4.7/Engine/Binaries/Win64/../../../Engine/Shaders/PostProcessNoiseBlur.usf" 204
"D:/UnrealLee/Epic Games/4.7/Engine/Binaries/Win64/../../../Engine/Shaders/PostProcessMotionBlur.usf" 205
"D:/UnrealLee/Epic Games/4.7/Engine/Binaries/Win64/../../../Engine/Shaders/PostProcessMobile.usf" 206
"D:/UnrealLee/Epic Games/4.7/Engine/Binaries/Win64/../../../Engine/Shaders/PostProcessMaterialShaders.usf" 207
"D:/UnrealLee/Epic Games/4.7/Engine/Binaries/Win64/../../../Engine/Shaders/PostProcessLensFlares.usf" 208
"D:/UnrealLee/Epic Games/4.7/Engine/Binaries/Win64/../../../Engine/Shaders/PostProcessLensBlur.usf" 209
"D:/UnrealLee/Epic Games/4.7/Engine/Binaries/Win64/../../../Engine/Shaders/PostProcessBloom.usf" 210
"D:/UnrealLee/Epic Games/4.7/Engine/Binaries/Win64/../../../Engine/Shaders/PostProcessHMD.usf" 211
"D:/UnrealLee/Epic Games/4.7/Engine/Binaries/Win64/../../../Engine/Shaders/PostProcessHistogramReduce.usf" 212
"D:/UnrealLee/Epic Games/4.7/Engine/Binaries/Win64/../../../Engine/Shaders/PostProcessHistogram.usf" 213
"D:/UnrealLee/Epic Games/4.7/Engine/Binaries/Win64/../../../Engine/Shaders/PostProcessGBufferHints.usf" 214
"D:/UnrealLee/Epic Games/4.7/Engine/Binaries/Win64/../../../Engine/Shaders/PostProcessEyeAdaptation.usf" 215
"D:/UnrealLee/Epic Games/4.7/Engine/Binaries/Win64/../../../Engine/Shaders/PostProcessDownsample.usf" 216
"D:/UnrealLee/Epic Games/4.7/Engine/Binaries/Win64/../../../Engine/Shaders/PostProcessDOF.usf" 217
"D:/UnrealLee/Epic Games/4.7/Engine/Binaries/Win64/../../../Engine/Shaders/PostProcessCompositeEditorPrimitives.usf" 218
"D:/UnrealLee/Epic Games/4.7/Engine/Binaries/Win64/../../../Engine/Shaders/PostProcessCombineLUTs.usf" 219
"D:/UnrealLee/Epic Games/4.7/Engine/Binaries/Win64/../../../Engine/Shaders/PostProcessBusyWait.usf" 220
"D:/UnrealLee/Epic Games/4.7/Engine/Binaries/Win64/../../../Engine/Shaders/PostProcessBokehDOF.usf" 221
"D:/UnrealLee/Epic Games/4.7/Engine/Binaries/Win64/../../../Engine/Shaders/FXAAShader.usf" 222
"D:/UnrealLee/Epic Games/4.7/Engine/Binaries/Win64/../../../Engine/Shaders/Fxaa3_11.usf" 223
"D:/UnrealLee/Epic Games/4.7/Engine/Binaries/Win64/../../../Engine/Shaders/PostProcessPassThrough.usf" 224
"D:/UnrealLee/Epic Games/4.7/Engine/Binaries/Win64/../../../Engine/Shaders/PostProcessLpvIndirect.usf" 225
"D:/UnrealLee/Epic Games/4.7/Engine/Binaries/Win64/../../../Engine/Shaders/DeferredLightingCommon.usf" 226
"D:/UnrealLee/Epic Games/4.7/Engine/Binaries/Win64/../../../Engine/Shaders/DynamicLightingCommon.usf" 227
"D:/UnrealLee/Epic Games/4.7/Engine/Binaries/Win64/../../../Engine/Shaders/IESLightProfilesCommon.usf" 228
"D:/UnrealLee/Epic Games/4.7/Engine/Binaries/Win64/../../../Engine/Shaders/LPVFinalPass.usf" 229
"D:/UnrealLee/Epic Games/4.7/Engine/Binaries/Win64/../../../Engine/Shaders/LPVCommon.usf" 230
"D:/UnrealLee/Epic Games/4.7/Engine/Binaries/Win64/../../../Engine/Shaders/DeferredDecal.usf" 231
"D:/UnrealLee/Epic Games/4.7/Engine/Binaries/Win64/../../../Engine/Shaders/PostProcessAmbientOcclusion.usf" 232
"D:/UnrealLee/Epic Games/4.7/Engine/Binaries/Win64/../../../Engine/Shaders/PostProcessAmbient.usf" 233
"D:/UnrealLee/Epic Games/4.7/Engine/Binaries/Win64/../../../Engine/Shaders/CubemapCommon.usf" 234
"D:/UnrealLee/Epic Games/4.7/Engine/Binaries/Win64/../../../Engine/Shaders/VelocityShader.usf" 235
"D:/UnrealLee/Epic Games/4.7/Engine/Binaries/Win64/../../../Engine/Shaders/Tessellation.usf" 236
"D:/UnrealLee/Epic Games/4.7/Engine/Binaries/Win64/../../../Engine/Shaders/FlatTessellation.usf" 237
"D:/UnrealLee/Epic Games/4.7/Engine/Binaries/Win64/../../../Engine/Shaders/PNTriangles.usf" 238
"D:/UnrealLee/Epic Games/4.7/Engine/Binaries/Win64/../../../Engine/Shaders/TranslucentLightingShaders.usf" 239
"D:/UnrealLee/Epic Games/4.7/Engine/Binaries/Win64/../../../Engine/Shaders/SHCommon.usf" 240
"D:/UnrealLee/Epic Games/4.7/Engine/Binaries/Win64/../../../Engine/Shaders/ShadowProjectionCommon.usf" 241
"D:/UnrealLee/Epic Games/4.7/Engine/Binaries/Win64/../../../Engine/Shaders/TranslucentLightInjectionShaders.usf" 242
"D:/UnrealLee/Epic Games/4.7/Engine/Binaries/Win64/../../../Engine/Shaders/LightFunctionCommon.usf" 243
"D:/UnrealLee/Epic Games/4.7/Engine/Binaries/Win64/../../../Engine/Shaders/TranslucentShadowDepthShaders.usf" 244
"D:/UnrealLee/Epic Games/4.7/Engine/Binaries/Win64/../../../Engine/Shaders/ShadowDepthCommon.usf" 245
"D:/UnrealLee/Epic Games/4.7/Engine/Binaries/Win64/../../../Engine/Shaders/TiledDeferredLightShaders.usf" 246
"D:/UnrealLee/Epic Games/4.7/Engine/Binaries/Win64/../../../Engine/Shaders/ShadowProjectionPixelShader.usf" 247
"D:/UnrealLee/Epic Games/4.7/Engine/Binaries/Win64/../../../Engine/Shaders/ShadowFilteringCommon.usf" 248
"D:/UnrealLee/Epic Games/4.7/Engine/Binaries/Win64/../../../Engine/Shaders/ShadowProjectionVertexShader.usf" 249
"D:/UnrealLee/Epic Games/4.7/Engine/Binaries/Win64/../../../Engine/Shaders/ShadowDepthPixelShader.usf" 250
"D:/UnrealLee/Epic Games/4.7/Engine/Binaries/Win64/../../../Engine/Shaders/LPVWriteVplCommon.usf" 251
"D:/UnrealLee/Epic Games/4.7/Engine/Binaries/Win64/../../../Engine/Shaders/LPVWriteCommon.usf" 252
"D:/UnrealLee/Epic Games/4.7/Engine/Binaries/Win64/../../../Engine/Shaders/ShadowDepthVertexShader.usf" 253
"D:/UnrealLee/Epic Games/4.7/Engine/Binaries/Win64/../../../Engine/Shaders/ShaderComplexityApplyPixelShader.usf" 254
"D:/UnrealLee/Epic Games/4.7/Engine/Binaries/Win64/../../../Engine/Shaders/ShaderComplexityApplyVertexShader.usf" 255
"D:/UnrealLee/Epic Games/4.7/Engine/Binaries/Win64/../../../Engine/Shaders/ShaderComplexityAccumulatePixelShader.usf" 256
"D:/UnrealLee/Epic Games/4.7/Engine/Binaries/Win64/../../../Engine/Shaders/HZBOcclusion.usf" 257
"D:/UnrealLee/Epic Games/4.7/Engine/Binaries/Win64/../../../Engine/Shaders/OcclusionQueryVertexShader.usf" 258
"D:/UnrealLee/Epic Games/4.7/Engine/Binaries/Win64/../../../Engine/Shaders/HitProxyPixelShader.usf" 259
"D:/UnrealLee/Epic Games/4.7/Engine/Binaries/Win64/../../../Engine/Shaders/HitProxyVertexShader.usf" 260
"D:/UnrealLee/Epic Games/4.7/Engine/Binaries/Win64/../../../Engine/Shaders/ReflectionEnvironmentShaders.usf" 261
"D:/UnrealLee/Epic Games/4.7/Engine/Binaries/Win64/../../../Engine/Shaders/ReflectionEnvironmentShared.usf" 262
"D:/UnrealLee/Epic Games/4.7/Engine/Binaries/Win64/../../../Engine/Shaders/SkyLightingShared.usf" 263
"D:/UnrealLee/Epic Games/4.7/Engine/Binaries/Win64/../../../Engine/Shaders/ReflectionEnvironmentComputeShaders.usf" 264
"D:/UnrealLee/Epic Games/4.7/Engine/Binaries/Win64/../../../Engine/Shaders/LightShaftShader.usf" 265
"D:/UnrealLee/Epic Games/4.7/Engine/Binaries/Win64/../../../Engine/Shaders/StationaryLightOverlapShaders.usf" 266
"D:/UnrealLee/Epic Games/4.7/Engine/Binaries/Win64/../../../Engine/Shaders/DeferredLightPixelShaders.usf" 267
"D:/UnrealLee/Epic Games/4.7/Engine/Binaries/Win64/../../../Engine/Shaders/DeferredLightVertexShaders.usf" 268
"D:/UnrealLee/Epic Games/4.7/Engine/Binaries/Win64/../../../Engine/Shaders/LPVVisualise.usf" 269
"D:/UnrealLee/Epic Games/4.7/Engine/Binaries/Win64/../../../Engine/Shaders/LPVGeometryVolumeCommon.usf" 270
"D:/UnrealLee/Epic Games/4.7/Engine/Binaries/Win64/../../../Engine/Shaders/LPVDirectLightInject.usf" 271
"D:/UnrealLee/Epic Games/4.7/Engine/Binaries/Win64/../../../Engine/Shaders/LPVPropagate.usf" 272
"D:/UnrealLee/Epic Games/4.7/Engine/Binaries/Win64/../../../Engine/Shaders/LPVBuildGeometryVolume.usf" 273
"D:/UnrealLee/Epic Games/4.7/Engine/Binaries/Win64/../../../Engine/Shaders/LPVInject_AccumulateVplLists.usf" 274
"D:/UnrealLee/Epic Games/4.7/Engine/Binaries/Win64/../../../Engine/Shaders/LPVInject_GenerateVplLists.usf" 275
"D:/UnrealLee/Epic Games/4.7/Engine/Binaries/Win64/../../../Engine/Shaders/LPVClearLists.usf" 276
"D:/UnrealLee/Epic Games/4.7/Engine/Binaries/Win64/../../../Engine/Shaders/LPVClear.usf" 277
"D:/UnrealLee/Epic Games/4.7/Engine/Binaries/Win64/../../../Engine/Shaders/LightMapDensityShader.usf" 278
"D:/UnrealLee/Epic Games/4.7/Engine/Binaries/Win64/../../../Engine/Shaders/LightFunctionPixelShader.usf" 279
"D:/UnrealLee/Epic Games/4.7/Engine/Binaries/Win64/../../../Engine/Shaders/LightFunctionVertexShader.usf" 280
"D:/UnrealLee/Epic Games/4.7/Engine/Binaries/Win64/../../../Engine/Shaders/HdrCustomResolveShaders.usf" 281
"D:/UnrealLee/Epic Games/4.7/Engine/Binaries/Win64/../../../Engine/Shaders/GPUBenchmark.usf" 282
"D:/UnrealLee/Epic Games/4.7/Engine/Binaries/Win64/../../../Engine/Shaders/GammaCorrection.usf" 283
"D:/UnrealLee/Epic Games/4.7/Engine/Binaries/Win64/../../../Engine/Shaders/BasePassForForwardShadingPixelShader.usf" 284
"D:/UnrealLee/Epic Games/4.7/Engine/Binaries/Win64/../../../Engine/Shaders/BasePassForForwardShadingCommon.usf" 285
"D:/UnrealLee/Epic Games/4.7/Engine/Binaries/Win64/../../../Engine/Shaders/LightmapCommon.usf" 286
"D:/UnrealLee/Epic Games/4.7/Engine/Binaries/Win64/../../../Engine/Shaders/BasePassForForwardShadingVertexShader.usf" 287
"D:/UnrealLee/Epic Games/4.7/Engine/Binaries/Win64/../../../Engine/Shaders/HeightFogCommon.usf" 288
"D:/UnrealLee/Epic Games/4.7/Engine/Binaries/Win64/../../../Engine/Shaders/HeightFogPixelShader.usf" 289
"D:/UnrealLee/Epic Games/4.7/Engine/Binaries/Win64/../../../Engine/Shaders/HeightFogVertexShader.usf" 290
"D:/UnrealLee/Epic Games/4.7/Engine/Binaries/Win64/../../../Engine/Shaders/DistortAccumulatePS.usf" 291
"D:/UnrealLee/Epic Games/4.7/Engine/Binaries/Win64/../../../Engine/Shaders/DistortAccumulateVS.usf" 292
"D:/UnrealLee/Epic Games/4.7/Engine/Binaries/Win64/../../../Engine/Shaders/DistortApplyScreenPS.usf" 293
"D:/UnrealLee/Epic Games/4.7/Engine/Binaries/Win64/../../../Engine/Shaders/DistanceFieldSurfaceCacheLighting.usf" 294
"D:/UnrealLee/Epic Games/4.7/Engine/Binaries/Win64/../../../Engine/Shaders/DistanceFieldLightingShared.usf" 295
"D:/UnrealLee/Epic Games/4.7/Engine/Binaries/Win64/../../../Engine/Shaders/DistanceFieldAOShared.usf" 296
"D:/UnrealLee/Epic Games/4.7/Engine/Binaries/Win64/../../../Engine/Shaders/SkyLighting.usf" 297
"D:/UnrealLee/Epic Games/4.7/Engine/Binaries/Win64/../../../Engine/Shaders/DistanceFieldSurfaceCacheLightingCompute.usf" 298
"D:/UnrealLee/Epic Games/4.7/Engine/Binaries/Win64/../../../Engine/Shaders/DistanceFieldShadowing.usf" 299
"D:/UnrealLee/Epic Games/4.7/Engine/Binaries/Win64/../../../Engine/Shaders/DepthOnlyPixelShader.usf" 300
"D:/UnrealLee/Epic Games/4.7/Engine/Binaries/Win64/../../../Engine/Shaders/DepthOnlyVertexShader.usf" 301
"D:/UnrealLee/Epic Games/4.7/Engine/Binaries/Win64/../../../Engine/Shaders/PositionOnlyDepthVertexShader.usf" 302
"D:/UnrealLee/Epic Games/4.7/Engine/Binaries/Win64/../../../Engine/Shaders/DownsampleDepthPixelShader.usf" 303
"D:/UnrealLee/Epic Games/4.7/Engine/Binaries/Win64/../../../Engine/Shaders/BasePassPixelShader.usf" 304
"D:/UnrealLee/Epic Games/4.7/Engine/Binaries/Win64/../../../Engine/Shaders/BasePassCommon.usf" 305
"D:/UnrealLee/Epic Games/4.7/Engine/Binaries/Win64/../../../Engine/Shaders/BasePassVertexShader.usf" 306
"D:/UnrealLee/Epic Games/4.7/Engine/Binaries/Win64/../../../Engine/Shaders/BasePassVertexCommon.usf" 307
"D:/UnrealLee/Epic Games/4.7/Engine/Binaries/Win64/../../../Engine/Shaders/BasePassTessellationShaders.usf" 308
"D:/UnrealLee/Epic Games/4.7/Engine/Binaries/Win64/../../../Engine/Shaders/AtmospherePrecompute.usf" 309
"D:/UnrealLee/Epic Games/4.7/Engine/Binaries/Win64/../../../Engine/Shaders/AtmospherePrecomputeCommon.usf" 310
"D:/UnrealLee/Epic Games/4.7/Engine/Binaries/Win64/../../../Engine/Shaders/AtmospherePrecomputeInscatter.usf" 311
"D:/UnrealLee/Epic Games/4.7/Engine/Binaries/Win64/../../../Engine/Shaders/AtmosphericFogShader.usf" 312
"D:/UnrealLee/Epic Games/4.7/Engine/Binaries/Win64/../../../Engine/Shaders/ParticleSortKeyGen.usf" 313
"D:/UnrealLee/Epic Games/4.7/Engine/Binaries/Win64/../../../Engine/Shaders/ParticleBoundsShader.usf" 314
"D:/UnrealLee/Epic Games/4.7/Engine/Binaries/Win64/../../../Engine/Shaders/ParticleSimVisualizeShader.usf" 315
"D:/UnrealLee/Epic Games/4.7/Engine/Binaries/Win64/../../../Engine/Shaders/ParticleInjectionShader.usf" 316
"D:/UnrealLee/Epic Games/4.7/Engine/Binaries/Win64/../../../Engine/Shaders/ParticleSimulationShader.usf" 317
"D:/UnrealLee/Epic Games/4.7/Engine/Binaries/Win64/../../../Engine/Shaders/ParticleCurveInjectionShader.usf" 318
"D:/UnrealLee/Epic Games/4.7/Engine/Binaries/Win64/../../../Engine/Shaders/VectorFieldCompositeShaders.usf" 319
"D:/UnrealLee/Epic Games/4.7/Engine/Binaries/Win64/../../../Engine/Shaders/UpdateTextureShaders.usf" 320
"D:/UnrealLee/Epic Games/4.7/Engine/Binaries/Win64/../../../Engine/Shaders/SimpleElementColorChannelMaskPixelShader.usf" 321
"D:/UnrealLee/Epic Games/4.7/Engine/Binaries/Win64/../../../Engine/Shaders/SimpleElementHitProxyPixelShader.usf" 322
"D:/UnrealLee/Epic Games/4.7/Engine/Binaries/Win64/../../../Engine/Shaders/SimpleElementPixelShader.usf" 323
"D:/UnrealLee/Epic Games/4.7/Engine/Binaries/Win64/../../../Engine/Shaders/ColorUtils.usf" 324
"D:/UnrealLee/Epic Games/4.7/Engine/Binaries/Win64/../../../Engine/Shaders/SimpleElementVertexShader.usf" 325
"D:/UnrealLee/Epic Games/4.7/Engine/Binaries/Win64/../../../Engine/Shaders/ScreenVertexShader.usf" 326
"D:/UnrealLee/Epic Games/4.7/Engine/Binaries/Win64/../../../Engine/Shaders/ScreenPixelShader.usf" 327
"D:/UnrealLee/Epic Games/4.7/Engine/Binaries/Win64/../../../Engine/Shaders/RadixSortShaders.usf" 328
"D:/UnrealLee/Epic Games/4.7/Engine/Binaries/Win64/../../../Engine/Shaders/GpuSkinCacheComputeShader.usf" 329
"D:/UnrealLee/Epic Games/4.7/Engine/Binaries/Win64/../../../Engine/Shaders/NullPixelShader.usf" 330
"D:/UnrealLee/Epic Games/4.7/Engine/Binaries/Win64/../../../Engine/Shaders/ClearReplacementShaders.usf" 331
"D:/UnrealLee/Epic Games/4.7/Engine/Binaries/Win64/../../../Engine/Shaders/SimpleElementTexture2DPreviewPixelShader.usf" 332
"D:/UnrealLee/Epic Games/4.7/Engine/Binaries/Win64/../../../Engine/Shaders/SimpleElementNormalMapPixelShader.usf" 333
"D:/UnrealLee/Epic Games/4.7/Engine/Binaries/Win64/../../../Engine/Shaders/meshpaintdilatepixelshader.usf" 334
"D:/UnrealLee/Epic Games/4.7/Engine/Binaries/Win64/../../../Engine/Shaders/meshpaintdilatevertexshader.usf" 335
"D:/UnrealLee/Epic Games/4.7/Engine/Binaries/Win64/../../../Engine/Shaders/MeshPaintPixelShader.usf" 336
"D:/UnrealLee/Epic Games/4.7/Engine/Binaries/Win64/../../../Engine/Shaders/MeshPaintVertexShader.usf" 337
"../../../Engine/Config/Android/AndroidEngine.ini" 338
"../../../Engine/Config/HTML5/HTML5Engine.ini" 339
"../../../Engine/Config/IOS/IOSEngine.ini" 340
"../../../Engine/Config/Linux/LinuxEngine.ini" 341
"C:/Users/leesa_000/AppData/Local/UnrealEngine/4.7/DerivedDataCache/Boot.ddc" 342
"../../../Engine/DerivedDataCache/Compressed.ddp" 343
"../../../Engine/Content/EditorResources/S_Actor.uasset" 344
"../../../Engine/Content/EditorLandscapeResources/DataLayer.uasset" 345
"../../../Engine/Content/Maps/Templates/Thumbnails/Default.uasset" 346
"../../../Engine/Content/EditorMaterials/ParticleSystems/PSysThumbnail_NoImage.uasset" 347
"../../../Engine/Content/EditorMaterials/ParticleSystems/PSysThumbnail_OOD.uasset" 348
"../../../Engine/Content/EngineFonts/Roboto.uasset" 349
"../../../Engine/Content/EngineMaterials/Widget3DPassThrough_Translucent.uasset" 350
"../../../Engine/Content/EngineMaterials/Widget3DPassThrough.uasset" 351
"../../../Engine/Content/EngineResources/WhiteSquareTexture.uasset" 352
"../../../Engine/Content/Functions/Engine_MaterialFunctions01/Shading/PowerToRoughness.uasset" 353
"../../../Engine/Content/Functions/Engine_MaterialFunctions01/Shading/ConvertFromDiffSpec.uasset" 354
"../../../Engine/Content/EngineMaterials/WorldGridMaterial.uasset" 355
"../../../Engine/Content/Functions/Engine_MaterialFunctions01/Opacity/CameraDepthFade.uasset" 356
"../../../Engine/Content/EngineMaterials/T_Default_Material_Grid_M.uasset" 357
"../../../Engine/Content/EngineMaterials/T_Default_Material_Grid_N.uasset" 358
"../../../Engine/Content/EngineMaterials/DefaultDeferredDecalMaterial.uasset" 359
"../../../Engine/Content/EngineMaterials/DefaultDiffuse.uasset" 360
"../../../Engine/Content/EngineMaterials/DefaultLightFunctionMaterial.uasset" 361
"../../../Engine/Content/EngineMaterials/DefaultPostProcessMaterial.uasset" 362
"../../../Engine/Content/Functions/Engine_MaterialFunctions02/Utility/BreakOutFloat2Components.uasset" 363
"../../../Engine/Content/EngineResources/DefaultTexture.uasset" 364
"../../../Engine/Content/EngineMaterials/Widget3DPassThrough_Translucent_OneSided.uasset" 365
"../../../Engine/Content/EngineMaterials/Widget3DPassThrough_Opaque.uasset" 366
"../../../Engine/Content/EngineMaterials/Widget3DPassThrough_Opaque_OneSided.uasset" 367
"../../../Engine/Content/EngineDamageTypes/DmgTypeBP_Environmental.uasset" 368
"../../../Engine/Content/EngineMeshes/Sphere.uasset" 369
"../../../Engine/Content/EngineFonts/RobotoDistanceField.uasset" 370
"../../../Engine/Content/EngineMaterials/DefaultTextMaterialOpaque.uasset" 371
"../../../Engine/Content/EditorResources/S_Trigger.uasset" 372
"../../../Engine/Content/EngineResources/GradientTexture0.uasset" 373
"../../../Engine/Content/EngineResources/Black.uasset" 374
"../../../Engine/Content/EditorMaterials/MatineeGroups/MAT_Groups_Float.uasset" 375
"../../../Engine/Content/EditorMaterials/MatineeGroups/MAT_Groups_Director.uasset" 376
"../../../Engine/Content/EditorMaterials/MatineeGroups/MAT_Groups_Event.uasset" 377
"../../../Engine/Content/EditorMaterials/MatineeGroups/MAT_Groups_Anim.uasset" 378
"../../../Engine/Content/EditorMaterials/MatineeGroups/MAT_Groups_Fade.uasset" 379
"../../../Engine/Content/EditorMaterials/MatineeGroups/MAT_Groups_Move.uasset" 380
"../../../Engine/Content/EditorMaterials/MatineeGroups/MAT_Groups_Slomo.uasset" 381
"../../../Engine/Content/EditorMaterials/MatineeGroups/MAT_ColorTrack.uasset" 382
"../../../Engine/Content/EditorMaterials/MAT_Groups_Toggle.uasset" 383
"../../../Engine/Content/EditorMaterials/MatineeGroups/MAT_Groups_AudioMaster.uasset" 384
"../../../Engine/Content/EditorMaterials/MatineeGroups/MAT_Groups_Sound.uasset" 385
"../../../Engine/Content/EditorMaterials/MatineeGroups/MAT_Groups_Vector.uasset" 386
"../../../Engine/Content/EditorMaterials/MAT_Groups_Visibility.uasset" 387
"../../../Engine/Content/EngineResources/DefaultTextureCube.uasset" 388
"../../../Engine/Content/EngineSounds/Master.uasset" 389
"../../../Engine/Content/EngineSounds/Music.uasset" 390
"../../../Engine/Content/EngineSounds/SFX.uasset" 391
"../../../Engine/Content/EngineSounds/Normal_Attack.uasset" 392
"../../../Engine/Content/EngineSounds/Special_Attack_PSM.uasset" 393
"../../../Engine/Content/EngineSounds/Duck_Normal_Attack_MixMod.uasset" 394
"../../../Engine/Content/EngineSounds/Voice.uasset" 395
"../../../Engine/Content/EngineMeshes/Cylinder.uasset" 396
"../../../Engine/Content/EngineMaterials/DefaultMaterial.uasset" 397
"../../../Engine/Content/EngineTireTypes/DefaultTireType.uasset" 398
"../../../Engine/Content/Editor/Slate/Fonts/FontAwesome.ttf" 399
"../../../Engine/Content/Editor/Slate/Fonts/DroidSansMono.ttf" 400
"../../../Engine/Content/Editor/Slate/Fonts/Roboto-BoldCondensed.ttf" 401
"../../../Engine/Content/Editor/Slate/Fonts/Roboto-Black.ttf" 402
"../../../Engine/Content/Editor/Slate/Fonts/Roboto-Italic.ttf" 403
"../../../Engine/Content/Editor/Slate/Fonts/Roboto-BoldCondensedItalic.ttf" 404
"../../../Engine/Plugins/2D/Paper2D/Content/MaskedUnlitSpriteMaterial.uasset" 405
"../../../Engine/Plugins/2D/Paper2D/Content/DefaultSpriteMaterial.uasset" 406
"../../../Engine/Plugins/2D/Paper2D/Content/DummySpriteTexture.uasset" 407
"../../../Engine/Plugins/2D/Paper2D/Content/OpaqueUnlitSpriteMaterial.uasset" 408
"../../../Engine/Plugins/2D/Paper2D/Content/DefaultPaperTerrainMaterial.uasset" 409
"../../../Engine/Plugins/2D/Paper2D/Content/DummySprite.uasset" 410
"../../../../../UE4ProceduralMesh/Content/Materials/BaseColor.uasset" 411
"C:/Users/leesa_000/AppData/Local/UnrealEngine/Common/DerivedDataCache/8/6/3/MATSM_85DD00DAF10D45C79D4ED0306AF2628B_PCD3D_SM5_2__BC5N_DEV_SL_NODBUF4D252F34__76BEFD22CD06F547D18CDD06F616A9721948A8AB.udd" 412
"C:/Users/leesa_000/AppData/Local/UnrealEngine/4.7/Saved/Config/Windows/SourceControlSettings.ini" 413
"../../../../../UE4ProceduralMesh/Intermediate/Config/CoalescedSourceConfigs/SourceControlSettings.ini" 414
"D:/UnrealLee/UE4ProceduralMesh/Saved/Config/Windows/SourceControlSettings.ini" 415
"../../../Engine/Content/EngineMaterials/RemoveSurfaceMaterial.uasset" 416
"../../../Engine/Content/EngineDebugMaterials/DebugMeshMaterial.uasset" 417
"../../../Engine/Content/EngineMaterials/M_InvalidLightmapSettings.uasset" 418
"../../../Engine/Content/EngineMaterials/InvalidLightmapSettings.uasset" 419
"../../../Engine/Content/EditorMaterials/GizmoMaterial.uasset" 420
"../../../Engine/Content/EngineMaterials/Good64x64TilingNoiseHighFreq.uasset" 421
"../../../Engine/Content/EngineMaterials/DefaultBokeh.uasset" 422
"../../../Engine/Content/EngineMaterials/PreintegratedSkinBRDF.uasset" 423
"../../../Engine/Content/EngineMaterials/MiniFont.uasset" 424
"../../../Engine/Content/EngineMaterials/WeightMapPlaceholderTexture.uasset" 425
"../../../Engine/Content/EngineMaterials/DefaultWhiteGrid.uasset" 426
"../../../Engine/Content/EngineMaterials/DefaultPhysicalMaterial.uasset" 427
"../../../Engine/Content/EngineFonts/RobotoTiny.uasset" 428
"C:/Users/leesa_000/AppData/Local/UnrealEngine/4.7/Saved/AutoLoadProject.txt" 429
"../../../../../UE4ProceduralMesh/Intermediate/CachedAssetRegistry.bin" 430
"D:/UnrealLee/UE4ProceduralMesh/Intermediate/Shaders/WorkingDirectory/10960/1/WorkerOutputOnly.out" 431
"D:/UnrealLee/UE4ProceduralMesh/Intermediate/Shaders/WorkingDirectory/10960/0/WorkerOutputOnly.out" 432
"../../../Engine/Content/MobileResources/HUD/VirtualJoystick_Thumb.uasset" 433
"../../../Engine/Content/MobileResources/HUD/VirtualJoystick_Background.uasset" 434
"../../../Engine/Content/MobileResources/HUD/T_Castle_ThumbstickOutter.uasset" 435
"../../../Engine/Content/MobileResources/HUD/T_Castle_ThumbstickInner.uasset" 436
"../../../Engine/Content/MobileResources/HUD/MobileHUDDirectionStick.uasset" 437
"../../../Engine/Content/MobileResources/HUD/MobileHUDDirectionPad3.uasset" 438
"../../../Engine/Content/MobileResources/HUD/MobileHUDDirectionPad2.uasset" 439
"../../../Engine/Content/MobileResources/HUD/MobileHUDDirectionPad.uasset" 440
"../../../Engine/Content/MobileResources/HUD/MobileHUDButtonFire.uasset" 441
"../../../Engine/Content/MobileResources/HUD/MobileHUDButton3.uasset" 442
"../../../Engine/Content/MobileResources/HUD/MobileHUDButton2_on.uasset" 443
"../../../Engine/Content/MobileResources/HUD/MobileHUDButton2_off.uasset" 444
"../../../Engine/Content/MobileResources/HUD/MobileHUDButton1_on.uasset" 445
"../../../Engine/Content/MobileResources/HUD/MobileHUDButton1_off.uasset" 446
"../../../Engine/Content/MobileResources/HUD/LeftVirtualJoystickOnly.uasset" 447
"../../../Engine/Content/MobileResources/HUD/DefaultVirtualJoysticks.uasset" 448
"../../../Engine/Content/MobileResources/HUD/AnalogHat.uasset" 449
"../../../Engine/Content/MobileResources/T_MobileMenu2.uasset" 450
"../../../Engine/Content/MobileResources/T_MobileControls_texture.uasset" 451
"../../../Engine/Content/Maps/Entry.umap" 452
"../../../Engine/Content/EngineMaterials/DefaultNormal.uasset" 453
"../../../../../UE4ProceduralMesh/Content/Procedural.umap" 454
"../../../Engine/Content/EngineSky/BP_Sky_Sphere.uasset" 455
"../../../Engine/Content/EditorBlueprintResources/StandardMacros.uasset" 456
"../../../Engine/Content/EngineSky/C_Sky_Cloud_Color.uasset" 457
"../../../Engine/Content/EngineSky/C_Sky_Horizon_Color.uasset" 458
"../../../Engine/Content/EngineSky/C_Sky_Zenith_Color.uasset" 459
"../../../Engine/Content/EngineSky/M_Sky_Panning_Clouds2.uasset" 460
"../../../Engine/Content/EngineSky/T_Sky_Blue.uasset" 461
"../../../Engine/Content/EngineSky/T_Sky_Clouds_M.uasset" 462
"../../../Engine/Content/EngineSky/T_Sky_Stars.uasset" 463
"../../../Engine/Content/EngineSky/SM_SkySphere.uasset" 464
"../../../Engine/Content/MapTemplates/SM_Template_Map_Floor.uasset" 465
"C:/Users/leesa_000/AppData/Local/UnrealEngine/Common/DerivedDataCache/0/8/9/TEXTURE_75F87CE100B546AAB8A1C4132AF9DB17_AUTODXT_B21483914D2C2360A7F2D3AC7B02B__7F57E4510CD60B90FE2E6EFA5AD11CA9D86B5EC4.udd" 466
"C:/Users/leesa_000/AppData/Local/UnrealEngine/Common/DerivedDataCache/4/9/3/TEXTURE_75F87CE100B546AAB8A1C4132AF9DB17_AUTODXT_B21483914D2C2360A7F2D3AC7B02B__DF39AB64FB42A98BA5A10E323058EB429A50463B.udd" 467
"C:/Users/leesa_000/AppData/Local/UnrealEngine/Common/DerivedDataCache/3/8/5/TEXTURE_75F87CE100B546AAB8A1C4132AF9DB17_AUTODXT_F478BDAB4AE2373479E018968CF6B__D07CC0D61A5870D9684D853C2C06C95840BBF244.udd" 468
"C:/Users/leesa_000/AppData/Local/UnrealEngine/Common/DerivedDataCache/8/6/6/TEXTURE_75F87CE100B546AAB8A1C4132AF9DB17_DXT1_8DC2DF6841E628B8BB59C2824696EFF5__09E3716AA142A48A0E4B664B6BAEDE033535B7A6.udd" 469
"C:/Users/leesa_000/AppData/Local/UnrealEngine/Common/DerivedDataCache/0/4/2/TEXTURE_75F87CE100B546AAB8A1C4132AF9DB17_AUTODXT_B21483914D2C2360A7F2D3AC7B02B__4549C1E79BFD09E7FD9732B82563ED36CD30D25D.udd" 470
"C:/Users/leesa_000/AppData/Local/UnrealEngine/Common/DerivedDataCache/8/9/7/TEXTURE_75F87CE100B546AAB8A1C4132AF9DB17_DXT1_8DC2DF6841E628B8BB59C2824696EFF5__E1815F91DAEA774FF4A78C4DE719E30F6DDEB62A.udd" 471
"C:/Users/leesa_000/AppData/Local/UnrealEngine/Common/DerivedDataCache/8/7/6/TEXTURE_75F87CE100B546AAB8A1C4132AF9DB17_DXT1_82755CF443EDD6D11F5779BF48FB46B2__20D5D6DD0E182A6EADDD5EB9EEB9CE00EA605AC7.udd" 472
"C:/Users/leesa_000/AppData/Local/UnrealEngine/Common/DerivedDataCache/8/1/0/TEXTURE_75F87CE100B546AAB8A1C4132AF9DB17_DXT1_8DC2DF6841E628B8BB59C2824696EFF5__9A74B1385106AD98143E3D52A974E648A11829C8.udd" 473
"C:/Users/leesa_000/AppData/Local/UnrealEngine/Common/DerivedDataCache/9/8/2/TEXTURE_75F87CE100B546AAB8A1C4132AF9DB17_BGRA8_D2D059DB4C6BF6A7E1E956A6BF7529A__190709EA402A2C7E6788DE2192638E751C3976C3.udd" 474
"C:/Users/leesa_000/AppData/Local/UnrealEngine/Common/DerivedDataCache/5/6/7/TEXTURE_75F87CE100B546AAB8A1C4132AF9DB17_BGRA8_89840CF34A45E7E1FA60FDA46268E10__FAA33F618DD25AFF107A1A9E4133E4A3520A3C13.udd" 475
"C:/Users/leesa_000/AppData/Local/UnrealEngine/Common/DerivedDataCache/2/3/8/TEXTURE_75F87CE100B546AAB8A1C4132AF9DB17_BGRA8_D2D059DB4C6BF6A7E1E956A6BF7529A__10EC4F09BAE174E4906B57EACC832410645B4470.udd" 476
"C:/Users/leesa_000/AppData/Local/UnrealEngine/Common/DerivedDataCache/1/4/8/TEXTURE_75F87CE100B546AAB8A1C4132AF9DB17_BGRA8_D2D059DB4C6BF6A7E1E956A6BF7529A__5994CB7F84549278DE040EDF74AA8DD0540C8879.udd" 477
"../../../Engine/Content/EditorResources/EmptyActor.uasset" 478
